2020-01-12 21:07:27.951  INFO 2836 --- [restartedMain] netris.sync.Application                  : Starting Application on V8 with PID 2836 (started by voron in c:\Dropbox\! Netris\2github\service-netris)
2020-01-12 21:07:27.959  INFO 2836 --- [restartedMain] netris.sync.Application                  : No active profile set, falling back to default profiles: default
2020-01-12 21:07:28.063  INFO 2836 --- [restartedMain] .e.DevToolsPropertyDefaultsPostProcessor : Devtools property defaults active! Set 'spring.devtools.add-properties' to 'false' to disable
2020-01-12 21:07:28.096  INFO 2836 --- [restartedMain] .e.DevToolsPropertyDefaultsPostProcessor : For additional web related logging consider setting the 'logging.level.web' property to 'DEBUG'
2020-01-12 21:07:31.822  INFO 2836 --- [restartedMain] o.s.b.w.embedded.tomcat.TomcatWebServer  : Tomcat initialized with port(s): 8080 (http)
2020-01-12 21:07:31.872  INFO 2836 --- [restartedMain] o.apache.catalina.core.StandardService   : Starting service [Tomcat]
2020-01-12 21:07:31.873  INFO 2836 --- [restartedMain] org.apache.catalina.core.StandardEngine  : Starting Servlet engine: [Apache Tomcat/9.0.22]
2020-01-12 21:07:32.068  INFO 2836 --- [restartedMain] o.a.c.c.C.[Tomcat].[localhost].[/]       : Initializing Spring embedded WebApplicationContext
2020-01-12 21:07:32.069  INFO 2836 --- [restartedMain] o.s.web.context.ContextLoader            : Root WebApplicationContext: initialization completed in 3951 ms
2020-01-12 21:07:33.654  INFO 2836 --- [restartedMain] o.s.b.a.e.web.EndpointLinksResolver      : Exposing 16 endpoint(s) beneath base path '/sync/actuator'
2020-01-12 21:07:33.768  INFO 2836 --- [restartedMain] pertySourcedRequestMappingHandlerMapping : Mapped URL path [/v2/api-docs] onto method [public org.springframework.http.ResponseEntity<springfox.documentation.spring.web.json.Json> springfox.documentation.swagger2.web.Swagger2Controller.getDocumentation(java.lang.String,javax.servlet.http.HttpServletRequest)]
2020-01-12 21:07:34.047  INFO 2836 --- [restartedMain] o.s.s.concurrent.ThreadPoolTaskExecutor  : Initializing ExecutorService 'applicationTaskExecutor'
2020-01-12 21:07:34.086  INFO 2836 --- [restartedMain] o.s.b.d.a.OptionalLiveReloadServer       : LiveReload server is running on port 35729
2020-01-12 21:07:34.516  INFO 2836 --- [restartedMain] d.s.w.p.DocumentationPluginsBootstrapper : Context refreshed
2020-01-12 21:07:34.554  INFO 2836 --- [restartedMain] d.s.w.p.DocumentationPluginsBootstrapper : Found 1 custom documentation plugin(s)
2020-01-12 21:07:34.612  INFO 2836 --- [restartedMain] s.d.s.w.s.ApiListingReferenceScanner     : Scanning for api listing references
2020-01-12 21:07:34.893  INFO 2836 --- [restartedMain] .d.s.w.r.o.CachingOperationNameGenerator : Generating unique operation named: GetCamerasUsingGET_1
2020-01-12 21:07:34.916  INFO 2836 --- [restartedMain] .d.s.w.r.o.CachingOperationNameGenerator : Generating unique operation named: handleUsingGET_1
2020-01-12 21:07:34.920  INFO 2836 --- [restartedMain] .d.s.w.r.o.CachingOperationNameGenerator : Generating unique operation named: handleUsingGET_2
2020-01-12 21:07:34.926  INFO 2836 --- [restartedMain] .d.s.w.r.o.CachingOperationNameGenerator : Generating unique operation named: handleUsingGET_3
2020-01-12 21:07:34.943  INFO 2836 --- [restartedMain] .d.s.w.r.o.CachingOperationNameGenerator : Generating unique operation named: handleUsingDELETE_1
2020-01-12 21:07:34.959  INFO 2836 --- [restartedMain] .d.s.w.r.o.CachingOperationNameGenerator : Generating unique operation named: handleUsingGET_4
2020-01-12 21:07:34.974  INFO 2836 --- [restartedMain] .d.s.w.r.o.CachingOperationNameGenerator : Generating unique operation named: handleUsingGET_5
2020-01-12 21:07:34.989  INFO 2836 --- [restartedMain] .d.s.w.r.o.CachingOperationNameGenerator : Generating unique operation named: handleUsingGET_6
2020-01-12 21:07:34.997  INFO 2836 --- [restartedMain] .d.s.w.r.o.CachingOperationNameGenerator : Generating unique operation named: handleUsingGET_7
2020-01-12 21:07:35.010  INFO 2836 --- [restartedMain] .d.s.w.r.o.CachingOperationNameGenerator : Generating unique operation named: handleUsingGET_8
2020-01-12 21:07:35.025  INFO 2836 --- [restartedMain] .d.s.w.r.o.CachingOperationNameGenerator : Generating unique operation named: handleUsingGET_9
2020-01-12 21:07:35.041  INFO 2836 --- [restartedMain] .d.s.w.r.o.CachingOperationNameGenerator : Generating unique operation named: handleUsingGET_10
2020-01-12 21:07:35.046  INFO 2836 --- [restartedMain] .d.s.w.r.o.CachingOperationNameGenerator : Generating unique operation named: handleUsingGET_11
2020-01-12 21:07:35.051  INFO 2836 --- [restartedMain] .d.s.w.r.o.CachingOperationNameGenerator : Generating unique operation named: handleUsingGET_12
2020-01-12 21:07:35.063  INFO 2836 --- [restartedMain] .d.s.w.r.o.CachingOperationNameGenerator : Generating unique operation named: handleUsingGET_13
2020-01-12 21:07:35.069  INFO 2836 --- [restartedMain] .d.s.w.r.o.CachingOperationNameGenerator : Generating unique operation named: handleUsingGET_14
2020-01-12 21:07:35.074  INFO 2836 --- [restartedMain] .d.s.w.r.o.CachingOperationNameGenerator : Generating unique operation named: handleUsingGET_15
2020-01-12 21:07:35.084  INFO 2836 --- [restartedMain] .d.s.w.r.o.CachingOperationNameGenerator : Generating unique operation named: handleUsingGET_16
2020-01-12 21:07:35.095  INFO 2836 --- [restartedMain] .d.s.w.r.o.CachingOperationNameGenerator : Generating unique operation named: handleUsingGET_17
2020-01-12 21:07:35.100  INFO 2836 --- [restartedMain] .d.s.w.r.o.CachingOperationNameGenerator : Generating unique operation named: handleUsingGET_18
2020-01-12 21:07:35.106  INFO 2836 --- [restartedMain] .d.s.w.r.o.CachingOperationNameGenerator : Generating unique operation named: handleUsingGET_19
2020-01-12 21:07:35.110  INFO 2836 --- [restartedMain] .d.s.w.r.o.CachingOperationNameGenerator : Generating unique operation named: handleUsingGET_20
2020-01-12 21:07:35.124  INFO 2836 --- [restartedMain] .d.s.w.r.o.CachingOperationNameGenerator : Generating unique operation named: handleUsingGET_21
2020-01-12 21:07:35.222  INFO 2836 --- [restartedMain] o.s.b.w.embedded.tomcat.TomcatWebServer  : Tomcat started on port(s): 8080 (http) with context path ''
2020-01-12 21:07:35.231  INFO 2836 --- [restartedMain] netris.sync.Application                  : Started Application in 8.137 seconds (JVM running for 9.03)
2020-01-12 21:08:04.492  INFO 2836 --- [http-nio-8080-exec-2] o.a.c.c.C.[Tomcat].[localhost].[/]       : Initializing Spring DispatcherServlet 'dispatcherServlet'
2020-01-12 21:08:04.494  INFO 2836 --- [http-nio-8080-exec-2] o.s.web.servlet.DispatcherServlet        : Initializing Servlet 'dispatcherServlet'
2020-01-12 21:08:04.503  INFO 2836 --- [http-nio-8080-exec-2] o.s.web.servlet.DispatcherServlet        : Completed initialization in 8 ms
2020-01-12 21:09:11.782  INFO 12936 --- [main] netris.sync.CameraTest                   : Starting CameraTest on V8 with PID 12936 (started by voron in C:\Dropbox\! Netris\2github\service-netris)
2020-01-12 21:09:11.784  INFO 12936 --- [main] netris.sync.CameraTest                   : No active profile set, falling back to default profiles: default
2020-01-12 21:09:14.673  INFO 12936 --- [main] o.s.b.w.embedded.tomcat.TomcatWebServer  : Tomcat initialized with port(s): 0 (http)
2020-01-12 21:09:14.720  INFO 12936 --- [main] o.apache.catalina.core.StandardService   : Starting service [Tomcat]
2020-01-12 21:09:14.721  INFO 12936 --- [main] org.apache.catalina.core.StandardEngine  : Starting Servlet engine: [Apache Tomcat/9.0.22]
2020-01-12 21:09:14.930  INFO 12936 --- [main] o.a.c.c.C.[Tomcat].[localhost].[/]       : Initializing Spring embedded WebApplicationContext
2020-01-12 21:09:14.931  INFO 12936 --- [main] o.s.web.context.ContextLoader            : Root WebApplicationContext: initialization completed in 3117 ms
2020-01-12 21:09:17.014  INFO 12936 --- [main] o.s.b.a.e.web.EndpointLinksResolver      : Exposing 16 endpoint(s) beneath base path '/sync/actuator'
2020-01-12 21:09:17.363  INFO 12936 --- [main] pertySourcedRequestMappingHandlerMapping : Mapped URL path [/v2/api-docs] onto method [public org.springframework.http.ResponseEntity<springfox.documentation.spring.web.json.Json> springfox.documentation.swagger2.web.Swagger2Controller.getDocumentation(java.lang.String,javax.servlet.http.HttpServletRequest)]
2020-01-12 21:09:18.254  INFO 12936 --- [main] o.s.s.concurrent.ThreadPoolTaskExecutor  : Initializing ExecutorService 'applicationTaskExecutor'
2020-01-12 21:09:19.269  INFO 12936 --- [main] d.s.w.p.DocumentationPluginsBootstrapper : Context refreshed
2020-01-12 21:09:19.310  INFO 12936 --- [main] d.s.w.p.DocumentationPluginsBootstrapper : Found 1 custom documentation plugin(s)
2020-01-12 21:09:19.366  INFO 12936 --- [main] s.d.s.w.s.ApiListingReferenceScanner     : Scanning for api listing references
2020-01-12 21:09:19.623  INFO 12936 --- [main] .d.s.w.r.o.CachingOperationNameGenerator : Generating unique operation named: GetCamerasUsingGET_1
2020-01-12 21:09:19.644  INFO 12936 --- [main] .d.s.w.r.o.CachingOperationNameGenerator : Generating unique operation named: handleUsingGET_1
2020-01-12 21:09:19.647  INFO 12936 --- [main] .d.s.w.r.o.CachingOperationNameGenerator : Generating unique operation named: handleUsingGET_2
2020-01-12 21:09:19.654  INFO 12936 --- [main] .d.s.w.r.o.CachingOperationNameGenerator : Generating unique operation named: handleUsingGET_3
2020-01-12 21:09:19.657  INFO 12936 --- [main] .d.s.w.r.o.CachingOperationNameGenerator : Generating unique operation named: handleUsingDELETE_1
2020-01-12 21:09:19.663  INFO 12936 --- [main] .d.s.w.r.o.CachingOperationNameGenerator : Generating unique operation named: handleUsingGET_4
2020-01-12 21:09:19.667  INFO 12936 --- [main] .d.s.w.r.o.CachingOperationNameGenerator : Generating unique operation named: handleUsingGET_5
2020-01-12 21:09:19.670  INFO 12936 --- [main] .d.s.w.r.o.CachingOperationNameGenerator : Generating unique operation named: handleUsingGET_6
2020-01-12 21:09:19.674  INFO 12936 --- [main] .d.s.w.r.o.CachingOperationNameGenerator : Generating unique operation named: handleUsingGET_7
2020-01-12 21:09:19.677  INFO 12936 --- [main] .d.s.w.r.o.CachingOperationNameGenerator : Generating unique operation named: handleUsingGET_8
2020-01-12 21:09:19.680  INFO 12936 --- [main] .d.s.w.r.o.CachingOperationNameGenerator : Generating unique operation named: handleUsingGET_9
2020-01-12 21:09:19.683  INFO 12936 --- [main] .d.s.w.r.o.CachingOperationNameGenerator : Generating unique operation named: handleUsingGET_10
2020-01-12 21:09:19.686  INFO 12936 --- [main] .d.s.w.r.o.CachingOperationNameGenerator : Generating unique operation named: handleUsingGET_11
2020-01-12 21:09:19.689  INFO 12936 --- [main] .d.s.w.r.o.CachingOperationNameGenerator : Generating unique operation named: handleUsingGET_12
2020-01-12 21:09:19.693  INFO 12936 --- [main] .d.s.w.r.o.CachingOperationNameGenerator : Generating unique operation named: handleUsingGET_13
2020-01-12 21:09:19.696  INFO 12936 --- [main] .d.s.w.r.o.CachingOperationNameGenerator : Generating unique operation named: handleUsingGET_14
2020-01-12 21:09:19.699  INFO 12936 --- [main] .d.s.w.r.o.CachingOperationNameGenerator : Generating unique operation named: handleUsingGET_15
2020-01-12 21:09:19.704  INFO 12936 --- [main] .d.s.w.r.o.CachingOperationNameGenerator : Generating unique operation named: handleUsingGET_16
2020-01-12 21:09:19.707  INFO 12936 --- [main] .d.s.w.r.o.CachingOperationNameGenerator : Generating unique operation named: handleUsingGET_17
2020-01-12 21:09:19.711  INFO 12936 --- [main] .d.s.w.r.o.CachingOperationNameGenerator : Generating unique operation named: handleUsingGET_18
2020-01-12 21:09:19.713  INFO 12936 --- [main] .d.s.w.r.o.CachingOperationNameGenerator : Generating unique operation named: handleUsingGET_19
2020-01-12 21:09:19.716  INFO 12936 --- [main] .d.s.w.r.o.CachingOperationNameGenerator : Generating unique operation named: handleUsingGET_20
2020-01-12 21:09:19.719  INFO 12936 --- [main] .d.s.w.r.o.CachingOperationNameGenerator : Generating unique operation named: handleUsingGET_21
2020-01-12 21:09:19.817  INFO 12936 --- [main] o.s.b.w.embedded.tomcat.TomcatWebServer  : Tomcat started on port(s): 50354 (http) with context path ''
2020-01-12 21:09:19.821  INFO 12936 --- [main] netris.sync.CameraTest                   : Started CameraTest in 8.464 seconds (JVM running for 9.185)
2020-01-12 21:09:20.978  INFO 12936 --- [http-nio-auto-1-exec-1] o.a.c.c.C.[Tomcat].[localhost].[/]       : Initializing Spring DispatcherServlet 'dispatcherServlet'
2020-01-12 21:09:20.980  INFO 12936 --- [http-nio-auto-1-exec-1] o.s.web.servlet.DispatcherServlet        : Initializing Servlet 'dispatcherServlet'
2020-01-12 21:09:21.010  INFO 12936 --- [http-nio-auto-1-exec-1] o.s.web.servlet.DispatcherServlet        : Completed initialization in 29 ms
2020-01-12 21:09:23.511  INFO 12936 --- [Thread-3] o.s.s.concurrent.ThreadPoolTaskExecutor  : Shutting down ExecutorService 'applicationTaskExecutor'
2020-01-12 21:09:59.978  INFO 1860 --- [main] netris.sync.CameraTest                   : Starting CameraTest on V8 with PID 1860 (started by voron in C:\Dropbox\! Netris\2github\service-netris)
2020-01-12 21:09:59.980  INFO 1860 --- [main] netris.sync.CameraTest                   : No active profile set, falling back to default profiles: default
2020-01-12 21:10:02.937  INFO 1860 --- [main] o.s.b.w.embedded.tomcat.TomcatWebServer  : Tomcat initialized with port(s): 0 (http)
2020-01-12 21:10:02.988  INFO 1860 --- [main] o.apache.catalina.core.StandardService   : Starting service [Tomcat]
2020-01-12 21:10:02.989  INFO 1860 --- [main] org.apache.catalina.core.StandardEngine  : Starting Servlet engine: [Apache Tomcat/9.0.22]
2020-01-12 21:10:03.188  INFO 1860 --- [main] o.a.c.c.C.[Tomcat].[localhost].[/]       : Initializing Spring embedded WebApplicationContext
2020-01-12 21:10:03.188  INFO 1860 --- [main] o.s.web.context.ContextLoader            : Root WebApplicationContext: initialization completed in 3175 ms
2020-01-12 21:10:05.253  INFO 1860 --- [main] o.s.b.a.e.web.EndpointLinksResolver      : Exposing 16 endpoint(s) beneath base path '/sync/actuator'
2020-01-12 21:10:05.534  INFO 1860 --- [main] pertySourcedRequestMappingHandlerMapping : Mapped URL path [/v2/api-docs] onto method [public org.springframework.http.ResponseEntity<springfox.documentation.spring.web.json.Json> springfox.documentation.swagger2.web.Swagger2Controller.getDocumentation(java.lang.String,javax.servlet.http.HttpServletRequest)]
2020-01-12 21:10:06.021  INFO 1860 --- [main] o.s.s.concurrent.ThreadPoolTaskExecutor  : Initializing ExecutorService 'applicationTaskExecutor'
2020-01-12 21:10:07.052  INFO 1860 --- [main] d.s.w.p.DocumentationPluginsBootstrapper : Context refreshed
2020-01-12 21:10:07.094  INFO 1860 --- [main] d.s.w.p.DocumentationPluginsBootstrapper : Found 1 custom documentation plugin(s)
2020-01-12 21:10:07.154  INFO 1860 --- [main] s.d.s.w.s.ApiListingReferenceScanner     : Scanning for api listing references
2020-01-12 21:10:07.448  INFO 1860 --- [main] .d.s.w.r.o.CachingOperationNameGenerator : Generating unique operation named: GetCamerasUsingGET_1
2020-01-12 21:10:07.470  INFO 1860 --- [main] .d.s.w.r.o.CachingOperationNameGenerator : Generating unique operation named: handleUsingGET_1
2020-01-12 21:10:07.473  INFO 1860 --- [main] .d.s.w.r.o.CachingOperationNameGenerator : Generating unique operation named: handleUsingGET_2
2020-01-12 21:10:07.481  INFO 1860 --- [main] .d.s.w.r.o.CachingOperationNameGenerator : Generating unique operation named: handleUsingGET_3
2020-01-12 21:10:07.488  INFO 1860 --- [main] .d.s.w.r.o.CachingOperationNameGenerator : Generating unique operation named: handleUsingDELETE_1
2020-01-12 21:10:07.495  INFO 1860 --- [main] .d.s.w.r.o.CachingOperationNameGenerator : Generating unique operation named: handleUsingGET_4
2020-01-12 21:10:07.501  INFO 1860 --- [main] .d.s.w.r.o.CachingOperationNameGenerator : Generating unique operation named: handleUsingGET_5
2020-01-12 21:10:07.504  INFO 1860 --- [main] .d.s.w.r.o.CachingOperationNameGenerator : Generating unique operation named: handleUsingGET_6
2020-01-12 21:10:07.506  INFO 1860 --- [main] .d.s.w.r.o.CachingOperationNameGenerator : Generating unique operation named: handleUsingGET_7
2020-01-12 21:10:07.510  INFO 1860 --- [main] .d.s.w.r.o.CachingOperationNameGenerator : Generating unique operation named: handleUsingGET_8
2020-01-12 21:10:07.513  INFO 1860 --- [main] .d.s.w.r.o.CachingOperationNameGenerator : Generating unique operation named: handleUsingGET_9
2020-01-12 21:10:07.517  INFO 1860 --- [main] .d.s.w.r.o.CachingOperationNameGenerator : Generating unique operation named: handleUsingGET_10
2020-01-12 21:10:07.520  INFO 1860 --- [main] .d.s.w.r.o.CachingOperationNameGenerator : Generating unique operation named: handleUsingGET_11
2020-01-12 21:10:07.523  INFO 1860 --- [main] .d.s.w.r.o.CachingOperationNameGenerator : Generating unique operation named: handleUsingGET_12
2020-01-12 21:10:07.526  INFO 1860 --- [main] .d.s.w.r.o.CachingOperationNameGenerator : Generating unique operation named: handleUsingGET_13
2020-01-12 21:10:07.529  INFO 1860 --- [main] .d.s.w.r.o.CachingOperationNameGenerator : Generating unique operation named: handleUsingGET_14
2020-01-12 21:10:07.536  INFO 1860 --- [main] .d.s.w.r.o.CachingOperationNameGenerator : Generating unique operation named: handleUsingGET_15
2020-01-12 21:10:07.539  INFO 1860 --- [main] .d.s.w.r.o.CachingOperationNameGenerator : Generating unique operation named: handleUsingGET_16
2020-01-12 21:10:07.542  INFO 1860 --- [main] .d.s.w.r.o.CachingOperationNameGenerator : Generating unique operation named: handleUsingGET_17
2020-01-12 21:10:07.545  INFO 1860 --- [main] .d.s.w.r.o.CachingOperationNameGenerator : Generating unique operation named: handleUsingGET_18
2020-01-12 21:10:07.548  INFO 1860 --- [main] .d.s.w.r.o.CachingOperationNameGenerator : Generating unique operation named: handleUsingGET_19
2020-01-12 21:10:07.551  INFO 1860 --- [main] .d.s.w.r.o.CachingOperationNameGenerator : Generating unique operation named: handleUsingGET_20
2020-01-12 21:10:07.554  INFO 1860 --- [main] .d.s.w.r.o.CachingOperationNameGenerator : Generating unique operation named: handleUsingGET_21
2020-01-12 21:10:07.643  INFO 1860 --- [main] o.s.b.w.embedded.tomcat.TomcatWebServer  : Tomcat started on port(s): 50420 (http) with context path ''
2020-01-12 21:10:07.650  INFO 1860 --- [main] netris.sync.CameraTest                   : Started CameraTest in 8.139 seconds (JVM running for 8.864)
2020-01-12 21:10:08.928  INFO 1860 --- [http-nio-auto-1-exec-1] o.a.c.c.C.[Tomcat].[localhost].[/]       : Initializing Spring DispatcherServlet 'dispatcherServlet'
2020-01-12 21:10:08.930  INFO 1860 --- [http-nio-auto-1-exec-1] o.s.web.servlet.DispatcherServlet        : Initializing Servlet 'dispatcherServlet'
2020-01-12 21:10:08.961  INFO 1860 --- [http-nio-auto-1-exec-1] o.s.web.servlet.DispatcherServlet        : Completed initialization in 30 ms
2020-01-12 21:10:11.536  INFO 1860 --- [Thread-3] o.s.s.concurrent.ThreadPoolTaskExecutor  : Shutting down ExecutorService 'applicationTaskExecutor'
